36.0 APEX_CODE,FINEST;APEX_PROFILING,INFO;CALLOUT,INFO;DB,INFO;SYSTEM,FINE;VALIDATION,INFO;VISUALFORCE,INFO;WAVE,INFO;WORKFLOW,INFO
13:16:16.0 (269101)|USER_INFO|[EXTERNAL]|005E0000007QLWi|rgonola@cchsfs.com.qa|Eastern Standard Time|GMT-04:00
13:16:16.0 (293448)|EXECUTION_STARTED
13:16:16.0 (297817)|CODE_UNIT_STARTED|[EXTERNAL]|01pE0000002eD8a|LogInfo.doGet
13:16:16.0 (4416381)|HEAP_ALLOCATE|[72]|Bytes:3
13:16:16.0 (4448551)|HEAP_ALLOCATE|[77]|Bytes:152
13:16:16.0 (4461789)|HEAP_ALLOCATE|[342]|Bytes:408
13:16:16.0 (4476418)|HEAP_ALLOCATE|[355]|Bytes:408
13:16:16.0 (4489316)|HEAP_ALLOCATE|[467]|Bytes:48
13:16:16.0 (4516272)|HEAP_ALLOCATE|[139]|Bytes:6
13:16:16.0 (4534552)|HEAP_ALLOCATE|[EXTERNAL]|Bytes:252
13:16:16.0 (4537872)|HEAP_ALLOCATE|[EXTERNAL]|Bytes:25
13:16:16.0 (4544884)|SYSTEM_METHOD_ENTRY|[1]|RestRequest.RestRequest()
13:16:16.0 (4548645)|STATEMENT_EXECUTE|[1]
13:16:16.0 (4556404)|SYSTEM_METHOD_EXIT|[1]|RestRequest
13:16:16.0 (4562308)|HEAP_ALLOCATE|[EXTERNAL]|Bytes:32
13:16:16.0 (4577609)|HEAP_ALLOCATE|[EXTERNAL]|Bytes:8
13:16:16.0 (4579311)|HEAP_ALLOCATE|[EXTERNAL]|Bytes:10
13:16:16.0 (4583887)|VARIABLE_SCOPE_BEGIN|[16]|this|System.RestRequest|true|false
13:16:16.0 (4639880)|VARIABLE_ASSIGNMENT|[16]|this|{}|0x542d1100
13:16:16.0 (4644241)|VARIABLE_SCOPE_BEGIN|[16]|request|java:com.force.swag.rest.RestRequest|true|false
13:16:16.0 (4756478)|VARIABLE_ASSIGNMENT|[16]|request|"com.force.swag.rest.RestRequestServletImpl@7382c3e7"|0x7382c3e7
13:16:16.0 (4761339)|VARIABLE_SCOPE_BEGIN|[16]|urlMapping|String|false|false
13:16:16.0 (4768045)|VARIABLE_ASSIGNMENT|[16]|urlMapping|"/LogInfo/*"
13:16:16.0 (5099967)|HEAP_ALLOCATE|[EXTERNAL]|Bytes:32
13:16:16.0 (5104109)|HEAP_ALLOCATE|[EXTERNAL]|Bytes:13
13:16:16.0 (5105514)|HEAP_ALLOCATE|[EXTERNAL]|Bytes:8
13:16:16.0 (5109757)|VARIABLE_SCOPE_BEGIN|[28]|this|System.RestRequest|true|false
13:16:16.0 (5140079)|VARIABLE_ASSIGNMENT|[28]|this|{"headers":"0x70d49077","httpMethod":"GET","params":"0x3a9ad7a8","remoteAddress":"136.147.46.8","requestURI":"/LogInfo","resourcePath":"/services/apexrest/L (8 more) ..."}|0x542d1100
13:16:16.0 (5143201)|VARIABLE_SCOPE_BEGIN|[28]|name|String|false|false
13:16:16.0 (5146438)|VARIABLE_ASSIGNMENT|[28]|name|"Cache-Control"
13:16:16.0 (5148029)|VARIABLE_SCOPE_BEGIN|[28]|value|String|false|false
13:16:16.0 (5150514)|VARIABLE_ASSIGNMENT|[28]|value|"no-cache"
13:16:16.0 (5223274)|HEAP_ALLOCATE|[EXTERNAL]|Bytes:32
13:16:16.0 (5226498)|HEAP_ALLOCATE|[EXTERNAL]|Bytes:6
13:16:16.0 (5227854)|HEAP_ALLOCATE|[EXTERNAL]|Bytes:52
13:16:16.0 (5230167)|VARIABLE_SCOPE_BEGIN|[28]|this|System.RestRequest|true|false
13:16:16.0 (5251170)|VARIABLE_ASSIGNMENT|[28]|this|{"headers":"0x70d49077","httpMethod":"GET","params":"0x3a9ad7a8","remoteAddress":"136.147.46.8","requestURI":"/LogInfo","resourcePath":"/services/apexrest/L (8 more) ..."}|0x542d1100
13:16:16.0 (5253525)|VARIABLE_SCOPE_BEGIN|[28]|name|String|false|false
13:16:16.0 (5256008)|VARIABLE_ASSIGNMENT|[28]|name|"Accept"
13:16:16.0 (5257308)|VARIABLE_SCOPE_BEGIN|[28]|value|String|false|false
13:16:16.0 (5260492)|VARIABLE_ASSIGNMENT|[28]|value|"text/html, image/gif (32 more) ..."
13:16:16.0 (5293471)|HEAP_ALLOCATE|[EXTERNAL]|Bytes:32
13:16:16.0 (5296080)|HEAP_ALLOCATE|[EXTERNAL]|Bytes:11
13:16:16.0 (5297231)|HEAP_ALLOCATE|[EXTERNAL]|Bytes:44
13:16:16.0 (5299205)|VARIABLE_SCOPE_BEGIN|[28]|this|System.RestRequest|true|false
13:16:16.0 (5317869)|VARIABLE_ASSIGNMENT|[28]|this|{"headers":"0x70d49077","httpMethod":"GET","params":"0x3a9ad7a8","remoteAddress":"136.147.46.8","requestURI":"/LogInfo","resourcePath":"/services/apexrest/L (8 more) ..."}|0x542d1100
13:16:16.0 (5320400)|VARIABLE_SCOPE_BEGIN|[28]|name|String|false|false
13:16:16.0 (5322991)|VARIABLE_ASSIGNMENT|[28]|name|"CipherSuite"
13:16:16.0 (5324342)|VARIABLE_SCOPE_BEGIN|[28]|value|String|false|false
13:16:16.0 (5327220)|VARIABLE_ASSIGNMENT|[28]|value|"ECDHE-RSA-AES256-GCM (24 more) ..."
13:16:16.0 (5355802)|HEAP_ALLOCATE|[EXTERNAL]|Bytes:32
13:16:16.0 (5357941)|HEAP_ALLOCATE|[EXTERNAL]|Bytes:10
13:16:16.0 (5359171)|HEAP_ALLOCATE|[EXTERNAL]|Bytes:17
13:16:16.0 (5360947)|VARIABLE_SCOPE_BEGIN|[28]|this|System.RestRequest|true|false
13:16:16.0 (5378132)|VARIABLE_ASSIGNMENT|[28]|this|{"headers":"0x70d49077","httpMethod":"GET","params":"0x3a9ad7a8","remoteAddress":"136.147.46.8","requestURI":"/LogInfo","resourcePath":"/services/apexrest/L (8 more) ..."}|0x542d1100
13:16:16.0 (5380412)|VARIABLE_SCOPE_BEGIN|[28]|name|String|false|false
13:16:16.0 (5383015)|VARIABLE_ASSIGNMENT|[28]|name|"User-Agent"
13:16:16.0 (5384294)|VARIABLE_SCOPE_BEGIN|[28]|value|String|false|false
13:16:16.0 (5386515)|VARIABLE_ASSIGNMENT|[28]|value|"SFDC-Callout/40.0"
13:16:16.0 (5413179)|HEAP_ALLOCATE|[EXTERNAL]|Bytes:32
13:16:16.0 (5415318)|HEAP_ALLOCATE|[EXTERNAL]|Bytes:16
13:16:16.0 (5416539)|HEAP_ALLOCATE|[EXTERNAL]|Bytes:1
13:16:16.0 (5418391)|VARIABLE_SCOPE_BEGIN|[28]|this|System.RestRequest|true|false
13:16:16.0 (5435097)|VARIABLE_ASSIGNMENT|[28]|this|{"headers":"0x70d49077","httpMethod":"GET","params":"0x3a9ad7a8","remoteAddress":"136.147.46.8","requestURI":"/LogInfo","resourcePath":"/services/apexrest/L (8 more) ..."}|0x542d1100
13:16:16.0 (5437353)|VARIABLE_SCOPE_BEGIN|[28]|name|String|false|false
13:16:16.0 (5439882)|VARIABLE_ASSIGNMENT|[28]|name|"SFDC_STACK_DEPTH"
13:16:16.0 (5441141)|VARIABLE_SCOPE_BEGIN|[28]|value|String|false|false
13:16:16.0 (5443089)|VARIABLE_ASSIGNMENT|[28]|value|"1"
13:16:16.0 (5469797)|HEAP_ALLOCATE|[EXTERNAL]|Bytes:32
13:16:16.0 (5472243)|HEAP_ALLOCATE|[EXTERNAL]|Bytes:10
13:16:16.0 (5473389)|HEAP_ALLOCATE|[EXTERNAL]|Bytes:10
13:16:16.0 (5475256)|VARIABLE_SCOPE_BEGIN|[28]|this|System.RestRequest|true|false
13:16:16.0 (5492302)|VARIABLE_ASSIGNMENT|[28]|this|{"headers":"0x70d49077","httpMethod":"GET","params":"0x3a9ad7a8","remoteAddress":"136.147.46.8","requestURI":"/LogInfo","resourcePath":"/services/apexrest/L (8 more) ..."}|0x542d1100
13:16:16.0 (5494302)|VARIABLE_SCOPE_BEGIN|[28]|name|String|false|false
13:16:16.0 (5496628)|VARIABLE_ASSIGNMENT|[28]|name|"Connection"
13:16:16.0 (5497804)|VARIABLE_SCOPE_BEGIN|[28]|value|String|false|false
13:16:16.0 (5499780)|VARIABLE_ASSIGNMENT|[28]|value|"keep-alive"
13:16:16.0 (5525923)|HEAP_ALLOCATE|[EXTERNAL]|Bytes:32
13:16:16.0 (5528047)|HEAP_ALLOCATE|[EXTERNAL]|Bytes:4
13:16:16.0 (5529448)|HEAP_ALLOCATE|[EXTERNAL]|Bytes:19
13:16:16.0 (5531191)|VARIABLE_SCOPE_BEGIN|[28]|this|System.RestRequest|true|false
13:16:16.0 (5547826)|VARIABLE_ASSIGNMENT|[28]|this|{"headers":"0x70d49077","httpMethod":"GET","params":"0x3a9ad7a8","remoteAddress":"136.147.46.8","requestURI":"/LogInfo","resourcePath":"/services/apexrest/L (8 more) ..."}|0x542d1100
13:16:16.0 (5550190)|VARIABLE_SCOPE_BEGIN|[28]|name|String|false|false
13:16:16.0 (5552461)|VARIABLE_ASSIGNMENT|[28]|name|"Host"
13:16:16.0 (5553741)|VARIABLE_SCOPE_BEGIN|[28]|value|String|false|false
13:16:16.0 (5555921)|VARIABLE_ASSIGNMENT|[28]|value|"cs53.salesforce.com"
13:16:16.0 (5581580)|HEAP_ALLOCATE|[EXTERNAL]|Bytes:32
13:16:16.0 (5583992)|HEAP_ALLOCATE|[EXTERNAL]|Bytes:6
13:16:16.0 (5585405)|HEAP_ALLOCATE|[EXTERNAL]|Bytes:8
13:16:16.0 (5587200)|VARIABLE_SCOPE_BEGIN|[28]|this|System.RestRequest|true|false
13:16:16.0 (5603875)|VARIABLE_ASSIGNMENT|[28]|this|{"headers":"0x70d49077","httpMethod":"GET","params":"0x3a9ad7a8","remoteAddress":"136.147.46.8","requestURI":"/LogInfo","resourcePath":"/services/apexrest/L (8 more) ..."}|0x542d1100
13:16:16.0 (5606335)|VARIABLE_SCOPE_BEGIN|[28]|name|String|false|false
13:16:16.0 (5609458)|VARIABLE_ASSIGNMENT|[28]|name|"Pragma"
13:16:16.0 (5611587)|VARIABLE_SCOPE_BEGIN|[28]|value|String|false|false
13:16:16.0 (5614638)|VARIABLE_ASSIGNMENT|[28]|value|"no-cache"
13:16:16.0 (5662392)|HEAP_ALLOCATE|[EXTERNAL]|Bytes:32
13:16:16.0 (5666182)|HEAP_ALLOCATE|[EXTERNAL]|Bytes:16
13:16:16.0 (5667989)|HEAP_ALLOCATE|[EXTERNAL]|Bytes:12
13:16:16.0 (5671439)|VARIABLE_SCOPE_BEGIN|[28]|this|System.RestRequest|true|false
13:16:16.0 (5703923)|VARIABLE_ASSIGNMENT|[28]|this|{"headers":"0x70d49077","httpMethod":"GET","params":"0x3a9ad7a8","remoteAddress":"136.147.46.8","requestURI":"/LogInfo","resourcePath":"/services/apexrest/L (8 more) ..."}|0x542d1100
13:16:16.0 (5708227)|VARIABLE_SCOPE_BEGIN|[28]|name|String|false|false
13:16:16.0 (5712341)|VARIABLE_ASSIGNMENT|[28]|name|"X-Salesforce-SIP"
13:16:16.0 (5714174)|VARIABLE_SCOPE_BEGIN|[28]|value|String|false|false
13:16:16.0 (5717230)|VARIABLE_ASSIGNMENT|[28]|value|"136.147.46.8"
13:16:16.0 (5771199)|HEAP_ALLOCATE|[EXTERNAL]|Bytes:32
13:16:16.0 (5775151)|HEAP_ALLOCATE|[EXTERNAL]|Bytes:12
13:16:16.0 (5777762)|HEAP_ALLOCATE|[EXTERNAL]|Bytes:16
13:16:16.0 (5780855)|VARIABLE_SCOPE_BEGIN|[28]|this|System.RestRequest|true|false
13:16:16.0 (5817297)|VARIABLE_ASSIGNMENT|[28]|this|{"headers":"0x70d49077","httpMethod":"GET","params":"0x3a9ad7a8","remoteAddress":"136.147.46.8","requestURI":"/LogInfo","resourcePath":"/services/apexrest/L (8 more) ..."}|0x542d1100
13:16:16.0 (5821749)|VARIABLE_SCOPE_BEGIN|[28]|name|String|false|false
13:16:16.0 (5826103)|VARIABLE_ASSIGNMENT|[28]|name|"Content-Type"
13:16:16.0 (5827984)|VARIABLE_SCOPE_BEGIN|[28]|value|String|false|false
13:16:16.0 (5831651)|VARIABLE_ASSIGNMENT|[28]|value|"application/json"
13:16:16.0 (5897932)|HEAP_ALLOCATE|[EXTERNAL]|Bytes:4
13:16:16.0 (5901920)|HEAP_ALLOCATE|[EXTERNAL]|Bytes:32
13:16:16.0 (5914649)|VARIABLE_ASSIGNMENT|[EXTERNAL]|this.requestBody|BLOB(0 bytes)|0x542d1100
13:16:16.0 (5985674)|HEAP_ALLOCATE|[EXTERNAL]|Bytes:156
13:16:16.0 (5991876)|HEAP_ALLOCATE|[EXTERNAL]|Bytes:10
13:16:16.0 (6000412)|SYSTEM_METHOD_ENTRY|[1]|RestResponse.RestResponse()
13:16:16.0 (6005016)|STATEMENT_EXECUTE|[1]
13:16:16.0 (6012984)|SYSTEM_METHOD_EXIT|[1]|RestResponse
13:16:16.0 (6018915)|HEAP_ALLOCATE|[EXTERNAL]|Bytes:16
13:16:16.0 (6023266)|VARIABLE_SCOPE_BEGIN|[7]|this|System.RestResponse|true|false
13:16:16.0 (6045551)|VARIABLE_ASSIGNMENT|[7]|this|{}|0x60374ea
13:16:16.0 (6173968)|VARIABLE_SCOPE_BEGIN|[4]|RestContext.request|System.RestRequest|true|true
13:16:16.0 (6179694)|VARIABLE_SCOPE_BEGIN|[5]|RestContext.response|System.RestResponse|true|true
13:16:16.0 (6188766)|HEAP_ALLOCATE|[EXTERNAL]|Bytes:112
13:16:16.0 (6193615)|HEAP_ALLOCATE|[EXTERNAL]|Bytes:5
13:16:16.0 (6200839)|SYSTEM_METHOD_ENTRY|[2]|RestContext.RestContext()
13:16:16.0 (6203593)|STATEMENT_EXECUTE|[2]
13:16:16.0 (6215137)|SYSTEM_METHOD_EXIT|[2]|RestContext
13:16:16.0 (6221590)|HEAP_ALLOCATE|[EXTERNAL]|Bytes:32
13:16:16.0 (6268156)|VARIABLE_ASSIGNMENT|[EXTERNAL]|RestContext.request|{"headers":"0x70d49077","httpMethod":"GET","params":"0x3a9ad7a8","remoteAddress":"136.147.46.8","requestBody":BLOB(0 bytes),"requestURI":"/LogInfo","resourcePath":"/services/apexrest/L (8 more) ..."}|0x542d1100
13:16:16.0 (6280258)|HEAP_ALLOCATE|[EXTERNAL]|Bytes:16
13:16:16.0 (6295713)|VARIABLE_ASSIGNMENT|[EXTERNAL]|RestContext.response|{"headers":"0x63fb0236"}|0x60374ea
13:16:16.0 (6344310)|HEAP_ALLOCATE|[EXTERNAL]|Bytes:1
13:16:16.0 (6352742)|METHOD_ENTRY|[4]|01pE0000002eD8a|LogInfo.LogInfo()
13:16:16.0 (6354918)|STATEMENT_EXECUTE|[4]
13:16:16.0 (6358033)|STATEMENT_EXECUTE|[4]
13:16:16.0 (6875034)|SYSTEM_MODE_ENTER|false
13:16:16.0 (6887894)|HEAP_ALLOCATE|[EXTERNAL]|Bytes:5
13:16:16.0 (6895934)|SYSTEM_MODE_EXIT|false
13:16:16.0 (6902892)|METHOD_EXIT|[4]|LogInfo
13:16:16.0 (6913926)|SYSTEM_MODE_ENTER|false
13:16:16.0 (6916878)|HEAP_ALLOCATE|[8]|Bytes:5
13:16:16.0 (6920046)|STATEMENT_EXECUTE|[7]
13:16:16.0 (6921445)|STATEMENT_EXECUTE|[8]
13:16:16.0 (6925566)|HEAP_ALLOCATE|[8]|Bytes:7
13:16:16.0 (6929092)|HEAP_ALLOCATE|[8]|Bytes:2
13:16:16.0 (6939344)|METHOD_ENTRY|[1]|01pE0000002eD8b|LogJson.LogJson()
13:16:16.0 (6941139)|STATEMENT_EXECUTE|[1]
13:16:16.0 (6943951)|STATEMENT_EXECUTE|[1]
13:16:16.0 (6944951)|STATEMENT_EXECUTE|[4]
13:16:16.0 (6947091)|METHOD_EXIT|[1]|LogJson
13:16:16.0 (7118473)|HEAP_ALLOCATE|[8]|Bytes:8
13:16:16.0 (7133379)|CONSTRUCTOR_ENTRY|[8]|01pE0000002eD8b|<init>()
13:16:16.0 (7157708)|VARIABLE_SCOPE_BEGIN|[1]|this|LogJson|true|false
13:16:16.0 (7178954)|VARIABLE_ASSIGNMENT|[1]|this|{}|0x9df2257
13:16:16.0 (7192213)|STATEMENT_EXECUTE|[1]
13:16:16.0 (7193494)|STATEMENT_EXECUTE|[2]
13:16:16.0 (7196562)|CONSTRUCTOR_EXIT|[8]|01pE0000002eD8b|<init>()
13:16:16.0 (7199323)|VARIABLE_SCOPE_BEGIN|[8]|logJson|LogJson|true|false
13:16:16.0 (7207224)|VARIABLE_ASSIGNMENT|[8]|logJson|{}|0x9df2257
13:16:16.0 (7209125)|STATEMENT_EXECUTE|[9]
13:16:16.0 (7230782)|HEAP_ALLOCATE|[9]|Bytes:16
13:16:16.0 (7248561)|CONSTRUCTOR_ENTRY|[9]|01pE0000002eD8b|<init>()
13:16:16.0 (7271878)|VARIABLE_SCOPE_BEGIN|[4]|this|LogJson.LogInfo|true|false
13:16:16.0 (7313936)|VARIABLE_ASSIGNMENT|[4]|this|{}|0x586a950d
13:16:16.0 (7332744)|STATEMENT_EXECUTE|[4]
13:16:16.0 (7334956)|STATEMENT_EXECUTE|[5]
13:16:16.0 (7336574)|STATEMENT_EXECUTE|[6]
13:16:16.0 (7338070)|STATEMENT_EXECUTE|[7]
13:16:16.0 (7342442)|CONSTRUCTOR_EXIT|[9]|01pE0000002eD8b|<init>()
13:16:16.0 (7345509)|VARIABLE_SCOPE_BEGIN|[9]|logInfo|LogJson.LogInfo|true|false
13:16:16.0 (7357281)|VARIABLE_ASSIGNMENT|[9]|logInfo|{}|0x586a950d
13:16:16.0 (7358923)|STATEMENT_EXECUTE|[10]
13:16:16.0 (7673659)|HEAP_ALLOCATE|[10]|Bytes:4
13:16:16.0 (7781571)|VARIABLE_SCOPE_BEGIN|[10]|log|LogFiles__c|true|false
13:16:16.0 (7793417)|VARIABLE_ASSIGNMENT|[10]|log|{}|0x7df570ef
13:16:16.0 (7795916)|STATEMENT_EXECUTE|[11]
13:16:16.0 (7821239)|HEAP_ALLOCATE|[11]|Bytes:8
13:16:16.0 (7828024)|DML_BEGIN|[11]|Op:Insert|Type:LogFiles__c|Rows:1
13:16:16.0 (7859371)|HEAP_ALLOCATE|[EXTERNAL]|Bytes:8
13:16:16.0 (85226444)|DML_END|[11]
13:16:16.0 (85252815)|STATEMENT_EXECUTE|[13]
13:16:16.0 (85337039)|HEAP_ALLOCATE|[13]|Bytes:18
13:16:16.0 (85370986)|VARIABLE_ASSIGNMENT|[13]|this.Id|"a3i0j0000006W6hAAE"|0x586a950d
13:16:16.0 (85373756)|STATEMENT_EXECUTE|[14]
13:16:16.0 (85376854)|HEAP_ALLOCATE|[14]|Bytes:55
13:16:16.0 (85388073)|HEAP_ALLOCATE|[14]|Bytes:4
13:16:16.0 (85398131)|HEAP_ALLOCATE|[14]|Bytes:7
13:16:16.0 (85634126)|SOQL_EXECUTE_BEGIN|[14]|Aggregations:0|SELECT CreatedDate FROM LogFiles__c WHERE Id = :tmpVar1
13:16:16.0 (88908925)|SOQL_EXECUTE_END|[14]|Rows:1
13:16:16.0 (88933136)|HEAP_ALLOCATE|[14]|Bytes:8
13:16:16.0 (88953898)|HEAP_ALLOCATE|[14]|Bytes:48
13:16:16.0 (89067238)|HEAP_ALLOCATE|[14]|Bytes:8
13:16:16.0 (89080334)|HEAP_ALLOCATE|[14]|Bytes:37
13:16:16.0 (89164759)|HEAP_ALLOCATE|[14]|Bytes:12
13:16:16.0 (89219824)|VARIABLE_SCOPE_BEGIN|[14]|createdDate|Datetime|false|false
13:16:16.0 (89262661)|VARIABLE_ASSIGNMENT|[14]|createdDate|"2017-05-17T17:16:16.000Z"
13:16:16.0 (89267938)|STATEMENT_EXECUTE|[15]
13:16:16.0 (89272707)|HEAP_ALLOCATE|[15]|Bytes:24
13:16:16.0 (89321645)|SYSTEM_METHOD_ENTRY|[15]|com.salesforce.api.interop.apex.bcl.DatetimeMethods.format(String)
13:16:16.0 (89367663)|HEAP_ALLOCATE|[15]|Bytes:20
13:16:16.0 (89382041)|SYSTEM_METHOD_EXIT|[15]|com.salesforce.api.interop.apex.bcl.DatetimeMethods.format(String)
13:16:16.0 (89389425)|VARIABLE_SCOPE_BEGIN|[15]|createdDateFormat|String|false|false
13:16:16.0 (89398556)|VARIABLE_ASSIGNMENT|[15]|createdDateFormat|"2017-05-17T01:16:16Z"
13:16:16.0 (89401856)|STATEMENT_EXECUTE|[17]
13:16:16.0 (89405328)|HEAP_ALLOCATE|[17]|Bytes:59
13:16:16.0 (89412709)|HEAP_ALLOCATE|[17]|Bytes:4
13:16:16.0 (89648400)|SOQL_EXECUTE_BEGIN|[17]|Aggregations:0|SELECT Event_Source__c FROM LogFiles__c WHERE Id = :tmpVar1
13:16:16.0 (98433468)|SOQL_EXECUTE_END|[17]|Rows:1
13:16:16.0 (98449910)|HEAP_ALLOCATE|[17]|Bytes:8
13:16:16.0 (98463553)|HEAP_ALLOCATE|[17]|Bytes:52
13:16:16.0 (98479125)|HEAP_ALLOCATE|[17]|Bytes:8
13:16:16.0 (98506160)|HEAP_ALLOCATE|[17]|Bytes:12
13:16:16.0 (98529426)|VARIABLE_SCOPE_BEGIN|[17]|eventSource|String|false|false
13:16:16.0 (98538826)|VARIABLE_ASSIGNMENT|[17]|eventSource|"SFDC"
13:16:16.0 (98542217)|STATEMENT_EXECUTE|[19]
13:16:16.0 (98556712)|VARIABLE_ASSIGNMENT|[19]|this.eventSource|"SFDC"|0x586a950d
13:16:16.0 (98558556)|STATEMENT_EXECUTE|[20]
13:16:16.0 (98592854)|SYSTEM_METHOD_ENTRY|[20]|String.valueOf(Object)
13:16:16.0 (98611059)|HEAP_ALLOCATE|[20]|Bytes:20
13:16:16.0 (98622157)|SYSTEM_METHOD_EXIT|[20]|String.valueOf(Object)
13:16:16.0 (98631718)|VARIABLE_ASSIGNMENT|[20]|this.CreateDate|"2017-05-17T01:16:16Z"|0x586a950d
13:16:16.0 (98633819)|STATEMENT_EXECUTE|[21]
13:16:16.0 (98639309)|VARIABLE_ASSIGNMENT|[21]|this.LogInfo|0x586a950d|0x9df2257
13:16:16.0 (98640840)|STATEMENT_EXECUTE|[22]
13:16:16.0 (98647481)|SYSTEM_MODE_EXIT|false
13:16:16.137 (137081004)|CUMULATIVE_LIMIT_USAGE
13:16:16.137 (137081004)|LIMIT_USAGE_FOR_NS|(default)|
  Number of SOQL queries: 2 out of 100
  Number of query rows: 2 out of 50000
  Number of SOSL queries: 0 out of 20
  Number of DML statements: 1 out of 150
  Number of DML rows: 1 out of 10000
  Maximum CPU time: 0 out of 10000
  Maximum heap size: 0 out of 6000000
  Number of callouts: 0 out of 100
  Number of Email Invocations: 0 out of 10
  Number of future calls: 0 out of 50
  Number of queueable jobs added to the queue: 0 out of 50
  Number of Mobile Apex push calls: 0 out of 10

13:16:16.137 (137081004)|CUMULATIVE_LIMIT_USAGE_END

13:16:16.0 (137127453)|CODE_UNIT_FINISHED|LogInfo.doGet
13:16:16.0 (138313051)|EXECUTION_FINISHED
