36.0 APEX_CODE,FINEST;APEX_PROFILING,INFO;CALLOUT,INFO;DB,INFO;SYSTEM,FINE;VALIDATION,INFO;VISUALFORCE,INFO;WAVE,INFO;WORKFLOW,INFO
13:18:46.0 (279052)|USER_INFO|[EXTERNAL]|005E0000007QLWi|rgonola@cchsfs.com.qa|Eastern Standard Time|GMT-04:00
13:18:46.0 (305632)|EXECUTION_STARTED
13:18:46.0 (309003)|CODE_UNIT_STARTED|[EXTERNAL]|01pE0000002eD8a|LogInfo.doGet
13:18:46.0 (2012237)|HEAP_ALLOCATE|[72]|Bytes:3
13:18:46.0 (2040924)|HEAP_ALLOCATE|[77]|Bytes:152
13:18:46.0 (2052203)|HEAP_ALLOCATE|[342]|Bytes:408
13:18:46.0 (2061164)|HEAP_ALLOCATE|[355]|Bytes:408
13:18:46.0 (2068903)|HEAP_ALLOCATE|[467]|Bytes:48
13:18:46.0 (2089654)|HEAP_ALLOCATE|[139]|Bytes:6
13:18:46.0 (2106160)|HEAP_ALLOCATE|[EXTERNAL]|Bytes:252
13:18:46.0 (2109420)|HEAP_ALLOCATE|[EXTERNAL]|Bytes:25
13:18:46.0 (2117438)|SYSTEM_METHOD_ENTRY|[1]|RestRequest.RestRequest()
13:18:46.0 (2120739)|STATEMENT_EXECUTE|[1]
13:18:46.0 (2127735)|SYSTEM_METHOD_EXIT|[1]|RestRequest
13:18:46.0 (2131654)|HEAP_ALLOCATE|[EXTERNAL]|Bytes:32
13:18:46.0 (2144698)|HEAP_ALLOCATE|[EXTERNAL]|Bytes:8
13:18:46.0 (2146392)|HEAP_ALLOCATE|[EXTERNAL]|Bytes:10
13:18:46.0 (2150911)|VARIABLE_SCOPE_BEGIN|[16]|this|System.RestRequest|true|false
13:18:46.0 (2199633)|VARIABLE_ASSIGNMENT|[16]|this|{}|0x226053cb
13:18:46.0 (2220048)|VARIABLE_SCOPE_BEGIN|[16]|request|java:com.force.swag.rest.RestRequest|true|false
13:18:46.0 (2349248)|VARIABLE_ASSIGNMENT|[16]|request|"com.force.swag.rest.RestRequestServletImpl@17ae13be"|0x17ae13be
13:18:46.0 (2353462)|VARIABLE_SCOPE_BEGIN|[16]|urlMapping|String|false|false
13:18:46.0 (2359240)|VARIABLE_ASSIGNMENT|[16]|urlMapping|"/LogInfo/*"
13:18:46.0 (2655421)|HEAP_ALLOCATE|[EXTERNAL]|Bytes:32
13:18:46.0 (2658076)|HEAP_ALLOCATE|[EXTERNAL]|Bytes:13
13:18:46.0 (2659332)|HEAP_ALLOCATE|[EXTERNAL]|Bytes:8
13:18:46.0 (2662343)|VARIABLE_SCOPE_BEGIN|[28]|this|System.RestRequest|true|false
13:18:46.0 (2689409)|VARIABLE_ASSIGNMENT|[28]|this|{"headers":"0x640d5d96","httpMethod":"GET","params":"0x666c010d","remoteAddress":"136.147.46.8","requestURI":"/LogInfo","resourcePath":"/services/apexrest/L (8 more) ..."}|0x226053cb
13:18:46.0 (2692453)|VARIABLE_SCOPE_BEGIN|[28]|name|String|false|false
13:18:46.0 (2695455)|VARIABLE_ASSIGNMENT|[28]|name|"Cache-Control"
13:18:46.0 (2697041)|VARIABLE_SCOPE_BEGIN|[28]|value|String|false|false
13:18:46.0 (2699620)|VARIABLE_ASSIGNMENT|[28]|value|"no-cache"
13:18:46.0 (2777242)|HEAP_ALLOCATE|[EXTERNAL]|Bytes:32
13:18:46.0 (2780928)|HEAP_ALLOCATE|[EXTERNAL]|Bytes:6
13:18:46.0 (2782731)|HEAP_ALLOCATE|[EXTERNAL]|Bytes:52
13:18:46.0 (2785459)|VARIABLE_SCOPE_BEGIN|[28]|this|System.RestRequest|true|false
13:18:46.0 (2806626)|VARIABLE_ASSIGNMENT|[28]|this|{"headers":"0x640d5d96","httpMethod":"GET","params":"0x666c010d","remoteAddress":"136.147.46.8","requestURI":"/LogInfo","resourcePath":"/services/apexrest/L (8 more) ..."}|0x226053cb
13:18:46.0 (2809363)|VARIABLE_SCOPE_BEGIN|[28]|name|String|false|false
13:18:46.0 (2811619)|VARIABLE_ASSIGNMENT|[28]|name|"Accept"
13:18:46.0 (2812917)|VARIABLE_SCOPE_BEGIN|[28]|value|String|false|false
13:18:46.0 (2824208)|VARIABLE_ASSIGNMENT|[28]|value|"text/html, image/gif (32 more) ..."
13:18:46.0 (2854245)|HEAP_ALLOCATE|[EXTERNAL]|Bytes:32
13:18:46.0 (2856221)|HEAP_ALLOCATE|[EXTERNAL]|Bytes:11
13:18:46.0 (2857305)|HEAP_ALLOCATE|[EXTERNAL]|Bytes:44
13:18:46.0 (2859015)|VARIABLE_SCOPE_BEGIN|[28]|this|System.RestRequest|true|false
13:18:46.0 (2875354)|VARIABLE_ASSIGNMENT|[28]|this|{"headers":"0x640d5d96","httpMethod":"GET","params":"0x666c010d","remoteAddress":"136.147.46.8","requestURI":"/LogInfo","resourcePath":"/services/apexrest/L (8 more) ..."}|0x226053cb
13:18:46.0 (2878002)|VARIABLE_SCOPE_BEGIN|[28]|name|String|false|false
13:18:46.0 (2880394)|VARIABLE_ASSIGNMENT|[28]|name|"CipherSuite"
13:18:46.0 (2881581)|VARIABLE_SCOPE_BEGIN|[28]|value|String|false|false
13:18:46.0 (2884143)|VARIABLE_ASSIGNMENT|[28]|value|"ECDHE-RSA-AES256-GCM (24 more) ..."
13:18:46.0 (2906393)|HEAP_ALLOCATE|[EXTERNAL]|Bytes:32
13:18:46.0 (2907992)|HEAP_ALLOCATE|[EXTERNAL]|Bytes:10
13:18:46.0 (2908959)|HEAP_ALLOCATE|[EXTERNAL]|Bytes:17
13:18:46.0 (2910664)|VARIABLE_SCOPE_BEGIN|[28]|this|System.RestRequest|true|false
13:18:46.0 (2925853)|VARIABLE_ASSIGNMENT|[28]|this|{"headers":"0x640d5d96","httpMethod":"GET","params":"0x666c010d","remoteAddress":"136.147.46.8","requestURI":"/LogInfo","resourcePath":"/services/apexrest/L (8 more) ..."}|0x226053cb
13:18:46.0 (2928209)|VARIABLE_SCOPE_BEGIN|[28]|name|String|false|false
13:18:46.0 (2931016)|VARIABLE_ASSIGNMENT|[28]|name|"User-Agent"
13:18:46.0 (2932251)|VARIABLE_SCOPE_BEGIN|[28]|value|String|false|false
13:18:46.0 (2934254)|VARIABLE_ASSIGNMENT|[28]|value|"SFDC-Callout/40.0"
13:18:46.0 (2954961)|HEAP_ALLOCATE|[EXTERNAL]|Bytes:32
13:18:46.0 (2956778)|HEAP_ALLOCATE|[EXTERNAL]|Bytes:16
13:18:46.0 (2957801)|HEAP_ALLOCATE|[EXTERNAL]|Bytes:1
13:18:46.0 (2959400)|VARIABLE_SCOPE_BEGIN|[28]|this|System.RestRequest|true|false
13:18:46.0 (2973828)|VARIABLE_ASSIGNMENT|[28]|this|{"headers":"0x640d5d96","httpMethod":"GET","params":"0x666c010d","remoteAddress":"136.147.46.8","requestURI":"/LogInfo","resourcePath":"/services/apexrest/L (8 more) ..."}|0x226053cb
13:18:46.0 (2976321)|VARIABLE_SCOPE_BEGIN|[28]|name|String|false|false
13:18:46.0 (2978491)|VARIABLE_ASSIGNMENT|[28]|name|"SFDC_STACK_DEPTH"
13:18:46.0 (2979885)|VARIABLE_SCOPE_BEGIN|[28]|value|String|false|false
13:18:46.0 (2981605)|VARIABLE_ASSIGNMENT|[28]|value|"1"
13:18:46.0 (3001193)|HEAP_ALLOCATE|[EXTERNAL]|Bytes:32
13:18:46.0 (3003795)|HEAP_ALLOCATE|[EXTERNAL]|Bytes:10
13:18:46.0 (3004983)|HEAP_ALLOCATE|[EXTERNAL]|Bytes:10
13:18:46.0 (3006591)|VARIABLE_SCOPE_BEGIN|[28]|this|System.RestRequest|true|false
13:18:46.0 (3021078)|VARIABLE_ASSIGNMENT|[28]|this|{"headers":"0x640d5d96","httpMethod":"GET","params":"0x666c010d","remoteAddress":"136.147.46.8","requestURI":"/LogInfo","resourcePath":"/services/apexrest/L (8 more) ..."}|0x226053cb
13:18:46.0 (3023395)|VARIABLE_SCOPE_BEGIN|[28]|name|String|false|false
13:18:46.0 (3025384)|VARIABLE_ASSIGNMENT|[28]|name|"Connection"
13:18:46.0 (3026728)|VARIABLE_SCOPE_BEGIN|[28]|value|String|false|false
13:18:46.0 (3028689)|VARIABLE_ASSIGNMENT|[28]|value|"keep-alive"
13:18:46.0 (3047962)|HEAP_ALLOCATE|[EXTERNAL]|Bytes:32
13:18:46.0 (3050166)|HEAP_ALLOCATE|[EXTERNAL]|Bytes:4
13:18:46.0 (3051789)|HEAP_ALLOCATE|[EXTERNAL]|Bytes:19
13:18:46.0 (3054082)|VARIABLE_SCOPE_BEGIN|[28]|this|System.RestRequest|true|false
13:18:46.0 (3076168)|VARIABLE_ASSIGNMENT|[28]|this|{"headers":"0x640d5d96","httpMethod":"GET","params":"0x666c010d","remoteAddress":"136.147.46.8","requestURI":"/LogInfo","resourcePath":"/services/apexrest/L (8 more) ..."}|0x226053cb
13:18:46.0 (3080685)|VARIABLE_SCOPE_BEGIN|[28]|name|String|false|false
13:18:46.0 (3084164)|VARIABLE_ASSIGNMENT|[28]|name|"Host"
13:18:46.0 (3086199)|VARIABLE_SCOPE_BEGIN|[28]|value|String|false|false
13:18:46.0 (3089591)|VARIABLE_ASSIGNMENT|[28]|value|"cs53.salesforce.com"
13:18:46.0 (3117896)|HEAP_ALLOCATE|[EXTERNAL]|Bytes:32
13:18:46.0 (3119798)|HEAP_ALLOCATE|[EXTERNAL]|Bytes:6
13:18:46.0 (3120792)|HEAP_ALLOCATE|[EXTERNAL]|Bytes:8
13:18:46.0 (3122340)|VARIABLE_SCOPE_BEGIN|[28]|this|System.RestRequest|true|false
13:18:46.0 (3140894)|VARIABLE_ASSIGNMENT|[28]|this|{"headers":"0x640d5d96","httpMethod":"GET","params":"0x666c010d","remoteAddress":"136.147.46.8","requestURI":"/LogInfo","resourcePath":"/services/apexrest/L (8 more) ..."}|0x226053cb
13:18:46.0 (3142921)|VARIABLE_SCOPE_BEGIN|[28]|name|String|false|false
13:18:46.0 (3145140)|VARIABLE_ASSIGNMENT|[28]|name|"Pragma"
13:18:46.0 (3146359)|VARIABLE_SCOPE_BEGIN|[28]|value|String|false|false
13:18:46.0 (3148608)|VARIABLE_ASSIGNMENT|[28]|value|"no-cache"
13:18:46.0 (3177782)|HEAP_ALLOCATE|[EXTERNAL]|Bytes:32
13:18:46.0 (3179545)|HEAP_ALLOCATE|[EXTERNAL]|Bytes:16
13:18:46.0 (3180559)|HEAP_ALLOCATE|[EXTERNAL]|Bytes:12
13:18:46.0 (3182168)|VARIABLE_SCOPE_BEGIN|[28]|this|System.RestRequest|true|false
13:18:46.0 (3201185)|VARIABLE_ASSIGNMENT|[28]|this|{"headers":"0x640d5d96","httpMethod":"GET","params":"0x666c010d","remoteAddress":"136.147.46.8","requestURI":"/LogInfo","resourcePath":"/services/apexrest/L (8 more) ..."}|0x226053cb
13:18:46.0 (3204646)|VARIABLE_SCOPE_BEGIN|[28]|name|String|false|false
13:18:46.0 (3208334)|VARIABLE_ASSIGNMENT|[28]|name|"X-Salesforce-SIP"
13:18:46.0 (3210178)|VARIABLE_SCOPE_BEGIN|[28]|value|String|false|false
13:18:46.0 (3213176)|VARIABLE_ASSIGNMENT|[28]|value|"136.147.46.8"
13:18:46.0 (3253873)|HEAP_ALLOCATE|[EXTERNAL]|Bytes:32
13:18:46.0 (3256848)|HEAP_ALLOCATE|[EXTERNAL]|Bytes:12
13:18:46.0 (3259146)|HEAP_ALLOCATE|[EXTERNAL]|Bytes:16
13:18:46.0 (3261642)|VARIABLE_SCOPE_BEGIN|[28]|this|System.RestRequest|true|false
13:18:46.0 (3279304)|VARIABLE_ASSIGNMENT|[28]|this|{"headers":"0x640d5d96","httpMethod":"GET","params":"0x666c010d","remoteAddress":"136.147.46.8","requestURI":"/LogInfo","resourcePath":"/services/apexrest/L (8 more) ..."}|0x226053cb
13:18:46.0 (3282014)|VARIABLE_SCOPE_BEGIN|[28]|name|String|false|false
13:18:46.0 (3284248)|VARIABLE_ASSIGNMENT|[28]|name|"Content-Type"
13:18:46.0 (3285442)|VARIABLE_SCOPE_BEGIN|[28]|value|String|false|false
13:18:46.0 (3287408)|VARIABLE_ASSIGNMENT|[28]|value|"application/json"
13:18:46.0 (3325165)|HEAP_ALLOCATE|[EXTERNAL]|Bytes:4
13:18:46.0 (3327170)|HEAP_ALLOCATE|[EXTERNAL]|Bytes:32
13:18:46.0 (3336502)|VARIABLE_ASSIGNMENT|[EXTERNAL]|this.requestBody|BLOB(0 bytes)|0x226053cb
13:18:46.0 (3402810)|HEAP_ALLOCATE|[EXTERNAL]|Bytes:156
13:18:46.0 (3407465)|HEAP_ALLOCATE|[EXTERNAL]|Bytes:10
13:18:46.0 (3415240)|SYSTEM_METHOD_ENTRY|[1]|RestResponse.RestResponse()
13:18:46.0 (3418894)|STATEMENT_EXECUTE|[1]
13:18:46.0 (3425915)|SYSTEM_METHOD_EXIT|[1]|RestResponse
13:18:46.0 (3431001)|HEAP_ALLOCATE|[EXTERNAL]|Bytes:16
13:18:46.0 (3434337)|VARIABLE_SCOPE_BEGIN|[7]|this|System.RestResponse|true|false
13:18:46.0 (3451433)|VARIABLE_ASSIGNMENT|[7]|this|{}|0x46b2f800
13:18:46.0 (3554586)|VARIABLE_SCOPE_BEGIN|[4]|RestContext.request|System.RestRequest|true|true
13:18:46.0 (3557931)|VARIABLE_SCOPE_BEGIN|[5]|RestContext.response|System.RestResponse|true|true
13:18:46.0 (3562903)|HEAP_ALLOCATE|[EXTERNAL]|Bytes:112
13:18:46.0 (3565833)|HEAP_ALLOCATE|[EXTERNAL]|Bytes:5
13:18:46.0 (3571078)|SYSTEM_METHOD_ENTRY|[2]|RestContext.RestContext()
13:18:46.0 (3572850)|STATEMENT_EXECUTE|[2]
13:18:46.0 (3576649)|SYSTEM_METHOD_EXIT|[2]|RestContext
13:18:46.0 (3580421)|HEAP_ALLOCATE|[EXTERNAL]|Bytes:32
13:18:46.0 (3606645)|VARIABLE_ASSIGNMENT|[EXTERNAL]|RestContext.request|{"headers":"0x640d5d96","httpMethod":"GET","params":"0x666c010d","remoteAddress":"136.147.46.8","requestBody":BLOB(0 bytes),"requestURI":"/LogInfo","resourcePath":"/services/apexrest/L (8 more) ..."}|0x226053cb
13:18:46.0 (3615039)|HEAP_ALLOCATE|[EXTERNAL]|Bytes:16
13:18:46.0 (3628683)|VARIABLE_ASSIGNMENT|[EXTERNAL]|RestContext.response|{"headers":"0x21e6208b"}|0x46b2f800
13:18:46.0 (3676332)|HEAP_ALLOCATE|[EXTERNAL]|Bytes:1
13:18:46.0 (3683886)|METHOD_ENTRY|[4]|01pE0000002eD8a|LogInfo.LogInfo()
13:18:46.0 (3686046)|STATEMENT_EXECUTE|[4]
13:18:46.0 (3688811)|STATEMENT_EXECUTE|[4]
13:18:46.0 (4102224)|SYSTEM_MODE_ENTER|false
13:18:46.0 (4113377)|HEAP_ALLOCATE|[EXTERNAL]|Bytes:5
13:18:46.0 (4119597)|SYSTEM_MODE_EXIT|false
13:18:46.0 (4125486)|METHOD_EXIT|[4]|LogInfo
13:18:46.0 (4134872)|SYSTEM_MODE_ENTER|false
13:18:46.0 (4137227)|HEAP_ALLOCATE|[8]|Bytes:5
13:18:46.0 (4140100)|STATEMENT_EXECUTE|[7]
13:18:46.0 (4141434)|STATEMENT_EXECUTE|[8]
13:18:46.0 (4144633)|HEAP_ALLOCATE|[8]|Bytes:7
13:18:46.0 (4147630)|HEAP_ALLOCATE|[8]|Bytes:2
13:18:46.0 (4156040)|METHOD_ENTRY|[1]|01pE0000002eD8b|LogJson.LogJson()
13:18:46.0 (4157882)|STATEMENT_EXECUTE|[1]
13:18:46.0 (4160300)|STATEMENT_EXECUTE|[1]
13:18:46.0 (4161341)|STATEMENT_EXECUTE|[4]
13:18:46.0 (4163982)|METHOD_EXIT|[1]|LogJson
13:18:46.0 (4307764)|HEAP_ALLOCATE|[8]|Bytes:8
13:18:46.0 (4317031)|CONSTRUCTOR_ENTRY|[8]|01pE0000002eD8b|<init>()
13:18:46.0 (4335054)|VARIABLE_SCOPE_BEGIN|[1]|this|LogJson|true|false
13:18:46.0 (4352344)|VARIABLE_ASSIGNMENT|[1]|this|{}|0xe1330f5
13:18:46.0 (4363257)|STATEMENT_EXECUTE|[1]
13:18:46.0 (4364366)|STATEMENT_EXECUTE|[2]
13:18:46.0 (4367320)|CONSTRUCTOR_EXIT|[8]|01pE0000002eD8b|<init>()
13:18:46.0 (4370119)|VARIABLE_SCOPE_BEGIN|[8]|logJson|LogJson|true|false
13:18:46.0 (4376829)|VARIABLE_ASSIGNMENT|[8]|logJson|{}|0xe1330f5
13:18:46.0 (4378444)|STATEMENT_EXECUTE|[9]
13:18:46.0 (4385419)|HEAP_ALLOCATE|[9]|Bytes:16
13:18:46.0 (4393909)|CONSTRUCTOR_ENTRY|[9]|01pE0000002eD8b|<init>()
13:18:46.0 (4406642)|VARIABLE_SCOPE_BEGIN|[4]|this|LogJson.LogInfo|true|false
13:18:46.0 (4427581)|VARIABLE_ASSIGNMENT|[4]|this|{}|0x4303c404
13:18:46.0 (4435641)|STATEMENT_EXECUTE|[4]
13:18:46.0 (4436711)|STATEMENT_EXECUTE|[5]
13:18:46.0 (4437541)|STATEMENT_EXECUTE|[6]
13:18:46.0 (4438315)|STATEMENT_EXECUTE|[7]
13:18:46.0 (4440594)|CONSTRUCTOR_EXIT|[9]|01pE0000002eD8b|<init>()
13:18:46.0 (4442745)|VARIABLE_SCOPE_BEGIN|[9]|logInfo|LogJson.LogInfo|true|false
13:18:46.0 (4449324)|VARIABLE_ASSIGNMENT|[9]|logInfo|{}|0x4303c404
13:18:46.0 (4450632)|STATEMENT_EXECUTE|[10]
13:18:46.0 (4793179)|HEAP_ALLOCATE|[10]|Bytes:4
13:18:46.0 (4884713)|VARIABLE_SCOPE_BEGIN|[10]|log|LogFiles__c|true|false
13:18:46.0 (4895740)|VARIABLE_ASSIGNMENT|[10]|log|{}|0x7a533f88
13:18:46.0 (4897946)|STATEMENT_EXECUTE|[11]
13:18:46.0 (4917650)|HEAP_ALLOCATE|[11]|Bytes:8
13:18:46.0 (4923269)|DML_BEGIN|[11]|Op:Insert|Type:LogFiles__c|Rows:1
13:18:46.0 (4948428)|HEAP_ALLOCATE|[EXTERNAL]|Bytes:8
13:18:46.0 (52055384)|DML_END|[11]
13:18:46.0 (52080950)|STATEMENT_EXECUTE|[13]
13:18:46.0 (52178487)|HEAP_ALLOCATE|[13]|Bytes:18
13:18:46.0 (52212401)|VARIABLE_ASSIGNMENT|[13]|this.Id|"a3i0j0000006W6rAAE"|0x4303c404
13:18:46.0 (52214934)|STATEMENT_EXECUTE|[14]
13:18:46.0 (52218372)|HEAP_ALLOCATE|[14]|Bytes:55
13:18:46.0 (52230564)|HEAP_ALLOCATE|[14]|Bytes:4
13:18:46.0 (52241068)|HEAP_ALLOCATE|[14]|Bytes:7
13:18:46.0 (52457874)|SOQL_EXECUTE_BEGIN|[14]|Aggregations:0|SELECT CreatedDate FROM LogFiles__c WHERE Id = :tmpVar1
13:18:46.0 (54531871)|SOQL_EXECUTE_END|[14]|Rows:1
13:18:46.0 (54560056)|HEAP_ALLOCATE|[14]|Bytes:8
13:18:46.0 (54579486)|HEAP_ALLOCATE|[14]|Bytes:48
13:18:46.0 (54656172)|HEAP_ALLOCATE|[14]|Bytes:8
13:18:46.0 (54669692)|HEAP_ALLOCATE|[14]|Bytes:37
13:18:46.0 (54726878)|HEAP_ALLOCATE|[14]|Bytes:12
13:18:46.0 (54775135)|VARIABLE_SCOPE_BEGIN|[14]|createdDate|Datetime|false|false
13:18:46.0 (54815883)|VARIABLE_ASSIGNMENT|[14]|createdDate|"2017-05-17T17:18:46.000Z"
13:18:46.0 (54822010)|STATEMENT_EXECUTE|[15]
13:18:46.0 (54826210)|HEAP_ALLOCATE|[15]|Bytes:24
13:18:46.0 (54870873)|SYSTEM_METHOD_ENTRY|[15]|com.salesforce.api.interop.apex.bcl.DatetimeMethods.format(String)
13:18:46.0 (54916191)|HEAP_ALLOCATE|[15]|Bytes:20
13:18:46.0 (54929643)|SYSTEM_METHOD_EXIT|[15]|com.salesforce.api.interop.apex.bcl.DatetimeMethods.format(String)
13:18:46.0 (54937736)|VARIABLE_SCOPE_BEGIN|[15]|createdDateFormat|String|false|false
13:18:46.0 (54946023)|VARIABLE_ASSIGNMENT|[15]|createdDateFormat|"2017-05-17T01:18:46Z"
13:18:46.0 (54949089)|STATEMENT_EXECUTE|[17]
13:18:46.0 (54952596)|HEAP_ALLOCATE|[17]|Bytes:59
13:18:46.0 (54958816)|HEAP_ALLOCATE|[17]|Bytes:4
13:18:46.0 (55177382)|SOQL_EXECUTE_BEGIN|[17]|Aggregations:0|SELECT Event_Source__c FROM LogFiles__c WHERE Id = :tmpVar1
13:18:46.0 (57223454)|SOQL_EXECUTE_END|[17]|Rows:1
13:18:46.0 (57241208)|HEAP_ALLOCATE|[17]|Bytes:8
13:18:46.0 (57254133)|HEAP_ALLOCATE|[17]|Bytes:52
13:18:46.0 (57267740)|HEAP_ALLOCATE|[17]|Bytes:8
13:18:46.0 (57293135)|HEAP_ALLOCATE|[17]|Bytes:12
13:18:46.0 (57315296)|VARIABLE_SCOPE_BEGIN|[17]|eventSource|String|false|false
13:18:46.0 (57324841)|VARIABLE_ASSIGNMENT|[17]|eventSource|"SFDC"
13:18:46.0 (57328965)|STATEMENT_EXECUTE|[19]
13:18:46.0 (57341841)|VARIABLE_ASSIGNMENT|[19]|this.eventSource|"SFDC"|0x4303c404
13:18:46.0 (57344117)|STATEMENT_EXECUTE|[20]
13:18:46.0 (57378359)|SYSTEM_METHOD_ENTRY|[20]|String.valueOf(Object)
13:18:46.0 (57395012)|HEAP_ALLOCATE|[20]|Bytes:20
13:18:46.0 (57407559)|SYSTEM_METHOD_EXIT|[20]|String.valueOf(Object)
13:18:46.0 (57417359)|VARIABLE_ASSIGNMENT|[20]|this.CreateDate|"2017-05-17T01:18:46Z"|0x4303c404
13:18:46.0 (57419937)|STATEMENT_EXECUTE|[21]
13:18:46.0 (57427118)|VARIABLE_ASSIGNMENT|[21]|this.LogInfo|0x4303c404|0xe1330f5
13:18:46.0 (57429619)|STATEMENT_EXECUTE|[22]
13:18:46.0 (57435423)|SYSTEM_MODE_EXIT|false
13:18:46.68 (68279161)|CUMULATIVE_LIMIT_USAGE
13:18:46.68 (68279161)|LIMIT_USAGE_FOR_NS|(default)|
  Number of SOQL queries: 2 out of 100
  Number of query rows: 2 out of 50000
  Number of SOSL queries: 0 out of 20
  Number of DML statements: 1 out of 150
  Number of DML rows: 1 out of 10000
  Maximum CPU time: 0 out of 10000
  Maximum heap size: 0 out of 6000000
  Number of callouts: 0 out of 100
  Number of Email Invocations: 0 out of 10
  Number of future calls: 0 out of 50
  Number of queueable jobs added to the queue: 0 out of 50
  Number of Mobile Apex push calls: 0 out of 10

13:18:46.68 (68279161)|CUMULATIVE_LIMIT_USAGE_END

13:18:46.0 (68318265)|CODE_UNIT_FINISHED|LogInfo.doGet
13:18:46.0 (69137472)|EXECUTION_FINISHED
